<?xml version="1.0" encoding="UTF-8"?>
 <testsuite name="Kubernetes-E2E-suite" tests="4" failures="1" errors="0" time="0">
   <testcase name="Test1 IsPersonAChild() When the person is child then it returns True  EPICid JIRAID-1001 xxx" classname="Kubernetes-E2E-suite" epicid="jiraid-1001" time="9.571e-06">
     <failure type="Failure">/home/psinghal/ginkgotutorialOldVersion/testing2/testing_suite_test.go:79&#xA;You may only call It from within a Describe, Context or When&#xA;/home/psinghal/ginkgotutorialOldVersion/testing2/testing_suite_test.go:79</failure>
   </testcase>
   <testcase name="Test1 IsPersonAChild() When the person is NOT a child then it returns False epICID JIRAID-1002  " classname="Kubernetes-E2E-suite" epicid="jiraid-1002" time="2.326e-06"></testcase>
   <testcase name="Test1 IsPersonAChild() When the person is child then it returns True  EPICid JIRAID-1001 xxx" classname="Kubernetes-E2E-suite" epicid="jiraid-1001" time="5.713e-06"></testcase>
   <testcase name="Test1 IsPersonAChild() When the person is NOT a child then it returns False epICID JIRAID-1002  " classname="Kubernetes-E2E-suite" epicid="jiraid-1002" time="1.98e-06"></testcase>
 </testsuite>